[2022-08-07T19:57:04.343] [WARN] default - Ruta GET /asdasdas no implementada
[2022-08-08T12:10:58.651] [WARN] default - Ruta GET /asdasdas no implementada
[2022-08-08T12:10:59.618] [WARN] default - Ruta GET /asdasdas no implementada
[2022-08-08T17:11:12.043] [WARN] default - Ruta GET /api/info no implementada
[2022-08-08T17:11:13.561] [WARN] default - Ruta GET /api/info no implementada
[2022-08-08T17:11:14.643] [WARN] default - Ruta GET /api/info no implementada
[2022-08-08T17:11:16.084] [WARN] default - Ruta GET /api/info no implementada
[2022-08-08T17:11:17.416] [WARN] default - Ruta GET /api/info no implementada
[2022-08-08T17:11:19.909] [WARN] default - Ruta GET /api/info no implementada
[2022-08-08T17:11:30.870] [WARN] default - Ruta GET /api/info no implementada
[2022-08-08T17:13:08.352] [WARN] default - Ruta GET / no implementada
[2022-08-08T17:13:12.193] [WARN] default - Ruta GET / no implementada
[2022-08-08T17:13:20.775] [WARN] default - Ruta GET / no implementada
[2022-08-08T17:13:30.154] [WARN] default - Ruta GET / no implementada
[2022-08-08T17:13:31.340] [WARN] default - Ruta GET / no implementada
[2022-08-08T17:16:15.548] [WARN] default - Ruta GET / no implementada
[2022-08-17T23:35:01.652] [WARN] default - Ruta GET /favicon.ico no implementada
[2022-08-17T23:35:21.497] [WARN] default - Ruta GET /favicon.ico no implementada
[2022-08-17T23:35:56.695] [WARN] default - Ruta GET /favicon.ico no implementada
[2022-08-17T23:38:02.909] [WARN] default - Ruta GET /favicon.ico no implementada
[2022-08-17T23:38:13.801] [WARN] default - Ruta GET /favicon.ico no implementada
[2022-08-29T22:52:34.830] [WARN] default - Ruta GET /api/carritos/ no implementada
[2022-08-29T23:44:44.616] [WARN] default - Ruta DELETE /api/carritos/630d5164d1b1176b63323fba no implementada
[2022-09-25T16:46:11.301] [WARN] default - Ruta POST /api/products no implementada
[2022-09-25T16:46:48.009] [WARN] default - Ruta POST /api/products no implementada
[2022-09-25T17:26:31.157] [WARN] default - Ruta POST /api/productos/undefined no implementada
[2022-09-25T17:27:23.435] [WARN] default - Ruta POST /api/products/undefined no implementada
[2022-09-25T17:30:26.502] [WARN] default - Ruta POST /api/products/undefined no implementada
[2022-09-25T17:31:26.255] [WARN] default - Ruta POST /api/products/7f844bdd-a8f0-40a7-a76a-d0ac29dee2bb no implementada
[2022-09-25T17:33:42.911] [WARN] default - Ruta POST /api/products/693dbebd5af4-45d7-9589-2f14e7d55a92 no implementada
[2022-09-25T17:34:34.358] [WARN] default - Ruta POST /api/products/5d2483a657b0-469b-b496-177ab4fbb59a no implementada
[2022-09-25T17:35:39.574] [WARN] default - Ruta POST /api/products/9f333be7ee80-4b88-bde8-9c58adc92981 no implementada
[2022-09-25T17:38:38.245] [WARN] default - Ruta POST /api/products/1725f15b73e1-4e00-b5b5-49e4e17c2d60 no implementada
[2022-09-25T17:38:51.698] [WARN] default - Ruta POST /api/products/35f8296f1460-4c7b-b63e-c3084ee28bb8 no implementada
[2022-09-25T17:39:26.859] [WARN] default - Ruta POST /api/products/f350aafb397044bca5c3a2be1c1a882e no implementada
[2022-09-27T23:15:20.314] [WARN] default - Ruta POST /api/shoppingcartproducts no implementada
[2022-10-02T00:31:12.726] [WARN] default - Ruta GET /uploads/1664681456033-space-galaxy-vertical-portrait-display-wallpaper-preview.jpg no implementada
[2022-10-02T00:31:12.925] [WARN] default - Ruta GET /favicon.ico no implementada
[2022-10-02T00:31:37.335] [WARN] default - Ruta GET /1664681456033-space-galaxy-vertical-portrait-display-wallpaper-preview.jpg no implementada
[2022-10-02T00:31:37.389] [WARN] default - Ruta GET /favicon.ico no implementada
[2022-10-02T00:37:21.091] [WARN] default - Ruta GET /uploads/1664681456033-space-galaxy-vertical-portrait-display-wallpaper-preview.jpg no implementada
[2022-10-02T00:39:43.230] [WARN] default - Ruta GET /uploads/1664681456033-space-galaxy-vertical-portrait-display-wallpaper-preview.jpg no implementada
[2022-10-02T00:42:47.381] [WARN] default - Ruta GET /uploads/1664681456033-space-galaxy-vertical-portrait-display-wallpaper-preview.jpg no implementada
[2022-10-07T11:54:55.078] [WARN] default - Ruta GET /favicon.ico no implementada
[2022-10-07T12:05:21.767] [WARN] default - Ruta GET /favicon.ico no implementada
[2022-10-07T12:29:38.918] [WARN] default - Ruta GET /favicon.ico no implementada
[2022-10-07T12:31:05.115] [WARN] default - Ruta GET /favicon.ico no implementada
[2022-10-07T12:40:51.531] [WARN] default - Ruta GET /favicon.ico no implementada
[2022-10-07T12:57:56.199] [WARN] default - Ruta GET /favicon.ico no implementada
[2022-10-07T12:58:38.639] [WARN] default - Ruta GET /favicon.ico no implementada
[2022-10-07T12:58:46.595] [WARN] default - Ruta GET /favicon.ico no implementada
[2022-10-07T12:59:10.945] [WARN] default - Ruta GET /favicon.ico no implementada
[2022-10-07T13:01:29.702] [WARN] default - Ruta GET /favicon.ico no implementada
[2022-10-07T13:02:15.176] [WARN] default - Ruta GET /favicon.ico no implementada
[2022-10-07T13:02:22.663] [WARN] default - Ruta GET /favicon.ico no implementada
[2022-10-07T13:04:31.554] [WARN] default - Ruta GET /favicon.ico no implementada
[2022-10-07T13:04:32.547] [WARN] default - Ruta GET /favicon.ico no implementada
[2022-10-07T13:04:33.076] [WARN] default - Ruta GET /favicon.ico no implementada
[2022-10-07T13:04:33.528] [WARN] default - Ruta GET /favicon.ico no implementada
[2022-10-07T13:04:40.306] [WARN] default - Ruta GET /favicon.ico no implementada
[2022-10-07T13:04:40.434] [WARN] default - Ruta GET /favicon.ico no implementada
[2022-10-07T13:04:41.752] [WARN] default - Ruta GET /favicon.ico no implementada
[2022-10-07T13:04:42.478] [WARN] default - Ruta GET /favicon.ico no implementada
[2022-10-07T13:04:43.282] [WARN] default - Ruta GET /favicon.ico no implementada
[2022-10-07T13:05:04.219] [WARN] default - Ruta GET /favicon.ico no implementada
[2022-10-07T13:05:27.315] [WARN] default - Ruta GET /favicon.ico no implementada
[2022-10-07T13:05:57.725] [WARN] default - Ruta GET /favicon.ico no implementada
[2022-10-07T13:06:17.428] [WARN] default - Ruta GET /favicon.ico no implementada
[2022-10-07T13:06:19.307] [WARN] default - Ruta GET /favicon.ico no implementada
[2022-10-07T13:06:29.605] [WARN] default - Ruta GET /favicon.ico no implementada
[2022-10-07T13:06:52.293] [WARN] default - Ruta GET /favicon.ico no implementada
[2022-10-07T13:06:53.231] [WARN] default - Ruta GET /favicon.ico no implementada
[2022-10-07T13:07:10.109] [WARN] default - Ruta GET /favicon.ico no implementada
[2022-10-07T13:08:55.227] [WARN] default - Ruta GET /favicon.ico no implementada
[2022-10-07T13:08:55.787] [WARN] default - Ruta GET /favicon.ico no implementada
[2022-10-07T13:08:56.409] [WARN] default - Ruta GET /favicon.ico no implementada
[2022-10-07T13:15:56.861] [WARN] default - Ruta GET /favicon.ico no implementada
[2022-10-07T13:16:05.225] [WARN] default - Ruta GET /favicon.ico no implementada
[2022-10-07T13:16:57.914] [WARN] default - Ruta GET /favicon.ico no implementada
[2022-10-07T13:16:59.740] [WARN] default - Ruta GET /favicon.ico no implementada
[2022-10-07T13:17:00.488] [WARN] default - Ruta GET /favicon.ico no implementada
[2022-10-07T13:17:07.399] [WARN] default - Ruta GET /favicon.ico no implementada
[2022-10-07T13:17:14.376] [WARN] default - Ruta GET /favicon.ico no implementada
[2022-10-07T13:17:15.111] [WARN] default - Ruta GET /favicon.ico no implementada
[2022-10-07T13:17:15.774] [WARN] default - Ruta GET /favicon.ico no implementada
[2022-10-07T13:17:26.696] [WARN] default - Ruta GET /favicon.ico no implementada
[2022-10-07T13:17:27.188] [WARN] default - Ruta GET /favicon.ico no implementada
[2022-10-07T13:18:07.454] [WARN] default - Ruta GET /favicon.ico no implementada
[2022-10-07T13:18:08.310] [WARN] default - Ruta GET /favicon.ico no implementada
[2022-10-07T13:18:50.012] [WARN] default - Ruta GET /favicon.ico no implementada
[2022-10-07T13:18:57.527] [WARN] default - Ruta GET /favicon.ico no implementada
[2022-10-07T13:19:07.085] [WARN] default - Ruta GET /favicon.ico no implementada
[2022-10-07T13:19:07.778] [WARN] default - Ruta GET /favicon.ico no implementada
[2022-10-07T13:19:25.389] [WARN] default - Ruta GET /favicon.ico no implementada
[2022-10-07T13:24:44.055] [WARN] default - Ruta GET /favicon.ico no implementada
[2022-10-07T13:26:40.023] [WARN] default - Ruta GET /favicon.ico no implementada
[2022-10-07T13:26:42.051] [WARN] default - Ruta GET /favicon.ico no implementada
[2022-10-07T13:26:48.842] [WARN] default - Ruta GET /favicon.ico no implementada
[2022-10-07T13:27:37.862] [WARN] default - Ruta GET /favicon.ico no implementada
[2022-10-07T13:27:49.822] [WARN] default - Ruta GET /favicon.ico no implementada
[2022-10-07T13:28:33.755] [WARN] default - Ruta GET /favicon.ico no implementada
[2022-10-07T13:29:54.723] [WARN] default - Ruta GET /favicon.ico no implementada
[2022-10-07T13:30:25.161] [WARN] default - Ruta GET /favicon.ico no implementada
